#
# There is insufficient memory for the Java Runtime Environment to continue.
# Native memory allocation (malloc) failed to allocate 100496 bytes for Chunk::new
# Possible reasons:
#   The system is out of physical RAM or swap space
#   In 32 bit mode, the process size limit was hit
# Possible solutions:
#   Reduce memory load on the system
#   Increase physical memory or swap space
#   Check if swap backing store is full
#   Use 64 bit Java on a 64 bit OS
#   Decrease Java heap size (-Xmx/-Xms)
#   Decrease number of Java threads
#   Decrease Java thread stack sizes (-Xss)
#   Set larger code cache with -XX:ReservedCodeCacheSize=
# This output file may be truncated or incomplete.
#
#  Out of Memory Error (allocation.cpp:390), pid=7360, tid=5088
#
# JRE version: Java(TM) SE Runtime Environment (8.0_77-b03) (build 1.8.0_77-b03)
# Java VM: Java HotSpot(TM) 64-Bit Server VM (25.77-b03 mixed mode windows-amd64 compressed oops)
# Failed to write core dump. Minidumps are not enabled by default on client versions of Windows
#

---------------  T H R E A D  ---------------

Current thread (0x0000000056526000):  JavaThread "C2 CompilerThread0" daemon [_thread_in_native, id=5088, stack(0x0000000056ae0000,0x0000000056be0000)]

Stack: [0x0000000056ae0000,0x0000000056be0000]
[error occurred during error reporting (printing stack bounds), id 0xc0000005]

Native frames: (J=compiled Java code, j=interpreted, Vv=VM code, C=native code)


Current CompileTask:
C2:   6043 1788       4       com.android.dx.ssa.SCCP::addBlockToWorklist (47 bytes)


---------------  P R O C E S S  ---------------

Java Threads: ( => current thread )
  0x0000000056844800 JavaThread "pool-1-thread-4" [_thread_blocked, id=6188, stack(0x0000000057960000,0x0000000057a60000)]
  0x0000000056841800 JavaThread "pool-1-thread-3" [_thread_blocked, id=5880, stack(0x0000000057440000,0x0000000057540000)]
  0x0000000056841000 JavaThread "pool-1-thread-2" [_thread_blocked, id=6180, stack(0x0000000057720000,0x0000000057820000)]
  0x0000000056840000 JavaThread "pool-2-thread-1" [_thread_blocked, id=6204, stack(0x00000000575e0000,0x00000000576e0000)]
  0x00000000567c3000 JavaThread "pool-1-thread-1" [_thread_blocked, id=3472, stack(0x0000000057300000,0x0000000057400000)]
  0x0000000056537000 JavaThread "Service Thread" daemon [_thread_blocked, id=4724, stack(0x0000000056f10000,0x0000000057010000)]
  0x000000005652a800 JavaThread "C1 CompilerThread2" daemon [_thread_blocked, id=9188, stack(0x0000000057030000,0x0000000057130000)]
  0x000000005652a000 JavaThread "C2 CompilerThread1" daemon [_thread_in_native, id=2000, stack(0x0000000056df0000,0x0000000056ef0000)]
=>0x0000000056526000 JavaThread "C2 CompilerThread0" daemon [_thread_in_native, id=5088, stack(0x0000000056ae0000,0x0000000056be0000)]
  0x000000005651a800 JavaThread "Attach Listener" daemon [_thread_blocked, id=5348, stack(0x0000000056c30000,0x0000000056d30000)]
  0x000000005508f800 JavaThread "Signal Dispatcher" daemon [_thread_blocked, id=10136, stack(0x00000000569a0000,0x0000000056aa0000)]
  0x000000005506d000 JavaThread "Finalizer" daemon [_thread_blocked, id=8564, stack(0x00000000560f0000,0x00000000561f0000)]
  0x0000000055026000 JavaThread "Reference Handler" daemon [_thread_blocked, id=6196, stack(0x0000000056410000,0x0000000056510000)]
  0x000000000254e000 JavaThread "main" [_thread_blocked, id=6620, stack(0x00000000025b0000,0x00000000026b0000)]

Other Threads:
  0x000000005501e800 VMThread [stack: 0x0000000056270000,0x0000000056370000] [id=6432]
  0x00000000565d4000 WatcherThread [stack: 0x00000000571f0000,0x00000000572f0000] [id=6648]

VM state:not at safepoint (normal execution)

VM Mutex/Monitor currently owned by a thread: None

Heap:
 PSYoungGen      total 71680K, used 25540K [0x00000000eab00000, 0x00000000ef600000, 0x0000000100000000)
  eden space 66560K, 30% used [0x00000000eab00000,0x00000000ebef3250,0x00000000eec00000)
  from space 5120K, 99% used [0x00000000ef100000,0x00000000ef5fe058,0x00000000ef600000)
  to   space 5120K, 0% used [0x00000000eec00000,0x00000000eec00000,0x00000000ef100000)
 ParOldGen       total 87552K, used 5050K [0x00000000c0000000, 0x00000000c5580000, 0x00000000eab00000)
  object space 87552K, 5% used [0x00000000c0000000,0x00000000c04ee870,0x00000000c5580000)
 Metaspace       used 6327K, capacity 7094K, committed 7296K, reserved 1056768K
  class space    used 608K, capacity 622K, committed 640K, reserved 1048576K

Card table byte_map: [0x0000000011b70000,0x0000000011d80000] byte_map_base: 0x0000000011570000

Marking Bits: (ParMarkBitMap*) 0x0000000068f40600
 Begin Bits: [0x0000000012490000, 0x0000000013490000)
 End Bits:   [0x0000000013490000, 0x0000000014490000)

Polling page: 0x0000000000330000

CodeCache: size=245760Kb used=7817Kb max_used=7817Kb free=237942Kb
 bounds [0x00000000027b0000, 0x0000000002f60000, 0x00000000117b0000]
 total_blobs=2068 nmethods=1796 adapters=184
 compilation: enabled

Compilation events (10 events):
Event: 5.603 Thread 0x000000005652a000 nmethod 1777 0x0000000002f50150 code [0x0000000002f50540, 0x0000000002f53af8]
Event: 6.015 Thread 0x000000005652a800 1787       3       com.android.dx.rop.type.Type::asUninitialized (140 bytes)
Event: 6.016 Thread 0x0000000056526000 1788       4       com.android.dx.ssa.SCCP::addBlockToWorklist (47 bytes)
Event: 6.016 Thread 0x000000005652a800 nmethod 1787 0x0000000002f4d5d0 code [0x0000000002f4d920, 0x0000000002f4f4d8]
Event: 6.016 Thread 0x000000005652a800 1789       3       java.util.HashMap$HashIterator::nextNode (100 bytes)
Event: 6.016 Thread 0x000000005652a800 nmethod 1789 0x0000000002f356d0 code [0x0000000002f35880, 0x0000000002f35d58]
Event: 6.018 Thread 0x000000005652a800 1790       1       java.util.HashMap$Node::getKey (5 bytes)
Event: 6.018 Thread 0x000000005652a800 nmethod 1790 0x0000000002f21f50 code [0x0000000002f220a0, 0x0000000002f221b0]
Event: 6.019 Thread 0x000000005652a000 1791       4       com.android.dx.cf.code.LocalVariableList::pcAndIndexToLocal (51 bytes)
Event: 6.022 Thread 0x000000005652a000 nmethod 1791 0x0000000002f2a290 code [0x0000000002f2a3e0, 0x0000000002f2a5f8]

GC Heap History (4 events):
Event: 1.270 GC heap before
{Heap before GC invocations=1 (full 0):
 PSYoungGen      total 38400K, used 33280K [0x00000000eab00000, 0x00000000ed580000, 0x0000000100000000)
  eden space 33280K, 100% used [0x00000000eab00000,0x00000000ecb80000,0x00000000ecb80000)
  from space 5120K, 0% used [0x00000000ed080000,0x00000000ed080000,0x00000000ed580000)
  to   space 5120K, 0% used [0x00000000ecb80000,0x00000000ecb80000,0x00000000ed080000)
 ParOldGen       total 87552K, used 0K [0x00000000c0000000, 0x00000000c5580000, 0x00000000eab00000)
  object space 87552K, 0% used [0x00000000c0000000,0x00000000c0000000,0x00000000c5580000)
 Metaspace       used 6005K, capacity 6902K, committed 7040K, reserved 1056768K
  class space    used 601K, capacity 622K, committed 640K, reserved 1048576K
Event: 1.730 GC heap after
Heap after GC invocations=1 (full 0):
 PSYoungGen      total 38400K, used 5088K [0x00000000eab00000, 0x00000000ef600000, 0x0000000100000000)
  eden space 33280K, 0% used [0x00000000eab00000,0x00000000eab00000,0x00000000ecb80000)
  from space 5120K, 99% used [0x00000000ecb80000,0x00000000ed0780e8,0x00000000ed080000)
  to   space 5120K, 0% used [0x00000000ef100000,0x00000000ef100000,0x00000000ef600000)
 ParOldGen       total 87552K, used 892K [0x00000000c0000000, 0x00000000c5580000, 0x00000000eab00000)
  object space 87552K, 1% used [0x00000000c0000000,0x00000000c00df328,0x00000000c5580000)
 Metaspace       used 6005K, capacity 6902K, committed 7040K, reserved 1056768K
  class space    used 601K, capacity 622K, committed 640K, reserved 1048576K
}
Event: 2.803 GC heap before
{Heap before GC invocations=2 (full 0):
 PSYoungGen      total 38400K, used 38368K [0x00000000eab00000, 0x00000000ef600000, 0x0000000100000000)
  eden space 33280K, 100% used [0x00000000eab00000,0x00000000ecb80000,0x00000000ecb80000)
  from space 5120K, 99% used [0x00000000ecb80000,0x00000000ed0780e8,0x00000000ed080000)
  to   space 5120K, 0% used [0x00000000ef100000,0x00000000ef100000,0x00000000ef600000)
 ParOldGen       total 87552K, used 892K [0x00000000c0000000, 0x00000000c5580000, 0x00000000eab00000)
  object space 87552K, 1% used [0x00000000c0000000,0x00000000c00df328,0x00000000c5580000)
 Metaspace       used 6265K, capacity 7094K, committed 7296K, reserved 1056768K
  class space    used 607K, capacity 622K, committed 640K, reserved 1048576K
Event: 2.945 GC heap after
Heap after GC invocations=2 (full 0):
 PSYoungGen      total 71680K, used 5112K [0x00000000eab00000, 0x00000000ef600000, 0x0000000100000000)
  eden space 66560K, 0% used [0x00000000eab00000,0x00000000eab00000,0x00000000eec00000)
  from space 5120K, 99% used [0x00000000ef100000,0x00000000ef5fe058,0x00000000ef600000)
  to   space 5120K, 0% used [0x00000000eec00000,0x00000000eec00000,0x00000000ef100000)
 ParOldGen       total 87552K, used 5050K [0x00000000c0000000, 0x00000000c5580000, 0x00000000eab00000)
  object space 87552K, 5% used [0x00000000c0000000,0x00000000c04ee870,0x00000000c5580000)
 Metaspace       used 6265K, capacity 7094K, committed 7296K, reserved 1056768K
  class space    used 607K, capacity 622K, committed 640K, reserved 1048576K
}

Deoptimization events (10 events):
Event: 4.589 Thread 0x0000000056841000 Uncommon trap: reason=unstable_if action=reinterpret pc=0x0000000002ea3720 method=com.android.dx.rop.code.RegisterSpecSet.<init>(I)V @ 2
Event: 4.589 Thread 0x0000000056841000 Uncommon trap: reason=unstable_if action=reinterpret pc=0x0000000002b5e928 method=com.android.dx.rop.code.RegisterSpecSet.<init>(I)V @ 2
Event: 5.090 Thread 0x00000000567c3000 Uncommon trap: reason=bimorphic action=maybe_recompile pc=0x0000000002e92fb0 method=com.android.dx.cf.code.RopperMachine.run(Lcom/android/dx/cf/code/Frame;II)V @ 988
Event: 5.095 Thread 0x00000000567c3000 Uncommon trap: reason=unstable_if action=reinterpret pc=0x0000000002cb6b6c method=com.android.dx.ssa.SCCP.simulateBranch(Lcom/android/dx/ssa/SsaInsn;)V @ 64
Event: 5.095 Thread 0x00000000567c3000 Uncommon trap: reason=unloaded action=reinterpret pc=0x0000000002cdb66c method=com.android.dx.ssa.LiteralOpUpgrader$1.visitNonMoveInsn(Lcom/android/dx/ssa/NormalSsaInsn;)V @ 72
Event: 5.096 Thread 0x00000000567c3000 Uncommon trap: reason=unstable_if action=reinterpret pc=0x0000000002b6c10c method=com.android.dx.ssa.SsaMethod.updateOneDefinition(Lcom/android/dx/ssa/SsaInsn;Lcom/android/dx/rop/code/RegisterSpec;)V @ 4
Event: 5.099 Thread 0x00000000567c3000 Uncommon trap: reason=bimorphic action=maybe_recompile pc=0x0000000002d384c0 method=com.android.dx.ssa.SCCP.setLatticeValueTo(IILcom/android/dx/rop/cst/Constant;)Z @ 43
Event: 5.099 Thread 0x00000000567c3000 Uncommon trap: reason=bimorphic action=maybe_recompile pc=0x0000000002d384c0 method=com.android.dx.ssa.SCCP.setLatticeValueTo(IILcom/android/dx/rop/cst/Constant;)Z @ 43
Event: 5.099 Thread 0x00000000567c3000 Uncommon trap: reason=bimorphic action=maybe_recompile pc=0x0000000002d384c0 method=com.android.dx.ssa.SCCP.setLatticeValueTo(IILcom/android/dx/rop/cst/Constant;)Z @ 43
Event: 5.099 Thread 0x00000000567c3000 Uncommon trap: reason=bimorphic action=maybe_recompile pc=0x0000000002d384c0 method=com.android.dx.ssa.SCCP.setLatticeValueTo(IILcom/android/dx/rop/cst/Constant;)Z @ 43

Internal exceptions (2 events):
Event: 0.035 Thread 0x000000000254e000 Exception <a 'java/lang/NoSuchMethodError': Method sun.misc.Unsafe.defineClass(Ljava/lang/String;[BII)Ljava/lang/Class; name or signature does not match> (0x00000000eab07cc0) thrown at [D:\re\workspace\8-2-build-windows-amd64-cygwin\jdk8u77\6540\hotspot\srHÅ´ßÆ¡?
Event: 0.035 Thread 0x000000000254e000 Exception <a 'java/lang/NoSuchMethodError': Method sun.misc.Unsafe.prefetchRead(Ljava/lang/Object;J)V name or signature does not match> (0x00000000eab07fa8) thrown at [D:\re\workspace\8-2-build-windows-amd64-cygwin\jdk8u77\6540\hotspot\src\share\vm\prims\j

Events (10 events):
Event: 5.099 Thread 0x00000000567c3000 DEOPT UNPACKING pc=0x00000000027f582a sp=0x00000000573fe428 mode 2
Event: 5.099 Thread 0x00000000567c3000 Uncommon trap: trap_request=0xffffffc6 fr.pc=0x0000000002d384c0
Event: 5.099 Thread 0x00000000567c3000 DEOPT PACKING pc=0x0000000002d384c0 sp=0x00000000573fe4d0
Event: 5.099 Thread 0x00000000567c3000 DEOPT UNPACKING pc=0x00000000027f582a sp=0x00000000573fe428 mode 2
Event: 5.099 Thread 0x00000000567c3000 Uncommon trap: trap_request=0xffffffc6 fr.pc=0x0000000002d384c0
Event: 5.099 Thread 0x00000000567c3000 DEOPT PACKING pc=0x0000000002d384c0 sp=0x00000000573fe570
Event: 5.099 Thread 0x00000000567c3000 DEOPT UNPACKING pc=0x00000000027f582a sp=0x00000000573fe4c8 mode 2
Event: 5.099 Thread 0x00000000567c3000 Uncommon trap: trap_request=0xffffffc6 fr.pc=0x0000000002d384c0
Event: 5.099 Thread 0x00000000567c3000 DEOPT PACKING pc=0x0000000002d384c0 sp=0x00000000573fe570
Event: 5.099 Thread 0x00000000567c3000 DEOPT UNPACKING pc=0x00000000027f582a sp=0x00000000573fe4c8 mode 2


Dynamic libraries:
0x000000013f550000 - 0x000000013f587000 	D:\Program Files\Java\jdk1.8.0_77\bin\java.exe
0x0000000077ae0000 - 0x0000000077c89000 	C:\Windows\SYSTEM32\ntdll.dll
0x00000000779c0000 - 0x0000000077ae0000 	C:\Windows\system32\kernel32.dll
0x000007fefdbd0000 - 0x000007fefdc3c000 	C:\Windows\system32\KERNELBASE.dll
0x000007fefe530000 - 0x000007fefe60b000 	C:\Windows\system32\ADVAPI32.dll
0x000007fefe030000 - 0x000007fefe0cf000 	C:\Windows\system32\msvcrt.dll
0x000007fefe0d0000 - 0x000007fefe0ef000 	C:\Windows\SYSTEM32\sechost.dll
0x000007fefdce0000 - 0x000007fefde0d000 	C:\Windows\system32\RPCRT4.dll
0x00000000778c0000 - 0x00000000779ba000 	C:\Windows\system32\USER32.dll
0x000007fefe380000 - 0x000007fefe3e7000 	C:\Windows\system32\GDI32.dll
0x000007fefe520000 - 0x000007fefe52e000 	C:\Windows\system32\LPK.dll
0x000007feffca0000 - 0x000007feffd6a000 	C:\Windows\system32\USP10.dll
0x000007fefbfe0000 - 0x000007fefc1d4000 	C:\Windows\WinSxS\amd64_microsoft.windows.common-controls_6595b64144ccf1df_6.0.7601.18837_none_fa3b1e3d17594757\COMCTL32.dll
0x000007feff740000 - 0x000007feff7b1000 	C:\Windows\system32\SHLWAPI.dll
0x000007fefde20000 - 0x000007fefde4e000 	C:\Windows\system32\IMM32.DLL
0x000007feff5d0000 - 0x000007feff6d9000 	C:\Windows\system32\MSCTF.dll
0x0000000071400000 - 0x00000000714d2000 	D:\Program Files\Java\jdk1.8.0_77\jre\bin\msvcr100.dll
0x0000000068730000 - 0x0000000068fc0000 	D:\Program Files\Java\jdk1.8.0_77\jre\bin\server\jvm.dll
0x000007fefb7c0000 - 0x000007fefb7c9000 	C:\Windows\system32\WSOCK32.dll
0x000007fefe4d0000 - 0x000007fefe51d000 	C:\Windows\system32\WS2_32.dll
0x000007fefde10000 - 0x000007fefde18000 	C:\Windows\system32\NSI.dll
0x000007fefa830000 - 0x000007fefa86b000 	C:\Windows\system32\WINMM.dll
0x000007fefc9f0000 - 0x000007fefc9fc000 	C:\Windows\system32\VERSION.dll
0x0000000077ca0000 - 0x0000000077ca7000 	C:\Windows\system32\PSAPI.DLL
0x00000000742f0000 - 0x00000000742ff000 	D:\Program Files\Java\jdk1.8.0_77\jre\bin\verify.dll
0x0000000073f00000 - 0x0000000073f29000 	D:\Program Files\Java\jdk1.8.0_77\jre\bin\java.dll
0x0000000073f40000 - 0x0000000073f56000 	D:\Program Files\Java\jdk1.8.0_77\jre\bin\zip.dll
0x000007fefe820000 - 0x000007feff5a9000 	C:\Windows\system32\SHELL32.dll
0x000007fefe610000 - 0x000007fefe813000 	C:\Windows\system32\ole32.dll
0x000007fefd930000 - 0x000007fefd93f000 	C:\Windows\system32\profapi.dll

VM Arguments:
jvm_args: -Djava.awt.headless=true -Xmx1024M -Dfile.encoding=GBK -Duser.country=CN -Duser.language=zh -Duser.variant 
java_command: com.android.dx.command.Main --dex --force-jumbo --num-threads=4 --output D:\android\StudioProjects\SuperSwipeRefreshDemo\app\build\intermediates\pre-dexed\debug\internal_impl-23.3.0_0cc2be1c5247265bb285d610184d009a38742c35.jar D:\android\StudioProjects\SuperSwipeRefreshDemo\app\build\intermediates\exploded-aar\com.android.support\support-v4\23.3.0\jars\libs\internal_impl-23.3.0.jar
java_class_path (initial): D:\Users\Administrator\AppData\Local\Android\sdk\build-tools\23.0.3\lib\dx.jar
Launcher Type: SUN_STANDARD

Environment Variables:
JAVA_HOME=D:\Program Files\Java\jdk1.8.0_77
PATH=C:\ProgramData\Oracle\Java\javapath;C:\Windows\system32;C:\Windows;C:\Windows\System32\Wbem;C:\Windows\System32\WindowsPowerShell\v1.0\;D:\Program Files\Java\jdk1.8.0_77;d:\Program Files\Git\cmd;D:\Users\Administrator\AppData\Local\Android\sdk\platform-tools
USERNAME=Administrator
OS=Windows_NT
PROCESSOR_IDENTIFIER=Intel64 Family 6 Model 60 Stepping 3, GenuineIntel



---------------  S Y S T E M  ---------------

OS: Windows 7 , 64 bit Build 7601 (6.1.7601.19018)

CPU:total 4 (4 cores per cpu, 1 threads per core) family 6 model 60 stepping 3, cmov, cx8, fxsr, mmx, sse, sse2, sse3, ssse3, sse4.1, sse4.2, popcnt, avx, avx2, aes, clmul, erms, lzcnt, tsc, tscinvbit, bmi1, bmi2

Memory: 4k page, physical 8325492k(466568k free), swap 10420808k(5120k free)

vm_info: Java HotSpot(TM) 64-Bit Server VM (25.77-b03) for windows-amd64 JRE (1.8.0_77-b03), built on Mar 20 2016 22:01:33 by "java_re" with MS VC++ 10.0 (VS2010)

time: Sat Apr 16 15:56:07 2016
elapsed time: 6 seconds (0d 0h 0m 6s)

