#
# There is insufficient memory for the Java Runtime Environment to continue.
# Native memory allocation (malloc) failed to allocate 42400 bytes for Chunk::new
# Possible reasons:
#   The system is out of physical RAM or swap space
#   In 32 bit mode, the process size limit was hit
# Possible solutions:
#   Reduce memory load on the system
#   Increase physical memory or swap space
#   Check if swap backing store is full
#   Use 64 bit Java on a 64 bit OS
#   Decrease Java heap size (-Xmx/-Xms)
#   Decrease number of Java threads
#   Decrease Java thread stack sizes (-Xss)
#   Set larger code cache with -XX:ReservedCodeCacheSize=
# This output file may be truncated or incomplete.
#
#  Out of Memory Error (allocation.cpp:390), pid=8876, tid=10128
#
# JRE version: Java(TM) SE Runtime Environment (8.0_77-b03) (build 1.8.0_77-b03)
# Java VM: Java HotSpot(TM) 64-Bit Server VM (25.77-b03 mixed mode windows-amd64 compressed oops)
# Failed to write core dump. Minidumps are not enabled by default on client versions of Windows
#

---------------  T H R E A D  ---------------

Current thread (0x00000000566f3000):  JavaThread "C2 CompilerThread1" daemon [_thread_in_native, id=10128, stack(0x0000000056f90000,0x0000000057090000)]

Stack: [0x0000000056f90000,0x0000000057090000]
[error occurred during error reporting (printing stack bounds), id 0xc0000005]

Native frames: (J=compiled Java code, j=interpreted, Vv=VM code, C=native code)


Current CompileTask:
C2:   6070 1988       4      
[error occurred during error reporting (printing current compile task), id 0xe0000001]


---------------  P R O C E S S  ---------------

Java Threads: ( => current thread )
  0x00000000569b5000 JavaThread "pool-1-thread-4" [_thread_blocked, id=9844, stack(0x0000000058170000,0x0000000058270000)]
  0x00000000569cc000 JavaThread "pool-1-thread-3" [_thread_blocked, id=6360, stack(0x0000000057f30000,0x0000000058030000)]
  0x00000000569cb000 JavaThread "pool-1-thread-2" [_thread_in_vm, id=6224, stack(0x00000000572f0000,0x00000000573f0000)]
  0x0000000056a70800 JavaThread "pool-2-thread-1" [_thread_blocked, id=1644, stack(0x0000000056300000,0x0000000056400000)]
  0x0000000056a95800 JavaThread "pool-1-thread-1" [_thread_blocked, id=8832, stack(0x0000000057d40000,0x0000000057e40000)]
  0x000000005673a800 JavaThread "Service Thread" daemon [_thread_blocked, id=5500, stack(0x0000000056ad0000,0x0000000056bd0000)]
  0x0000000056704000 JavaThread "C1 CompilerThread2" daemon [_thread_in_vm, id=9696, stack(0x0000000057180000,0x0000000057280000)]
=>0x00000000566f3000 JavaThread "C2 CompilerThread1" daemon [_thread_in_native, id=10128, stack(0x0000000056f90000,0x0000000057090000)]
  0x00000000566cd000 JavaThread "C2 CompilerThread0" daemon [_thread_in_native, id=5056, stack(0x0000000056d90000,0x0000000056e90000)]
  0x00000000566cc800 JavaThread "Attach Listener" daemon [_thread_blocked, id=824, stack(0x0000000056c60000,0x0000000056d60000)]
  0x000000005516c800 JavaThread "Signal Dispatcher" daemon [_thread_blocked, id=8936, stack(0x00000000560c0000,0x00000000561c0000)]
  0x0000000055159000 JavaThread "Finalizer" daemon [_thread_blocked, id=3208, stack(0x00000000565c0000,0x00000000566c0000)]
  0x0000000055111800 JavaThread "Reference Handler" daemon [_thread_blocked, id=1524, stack(0x0000000056410000,0x0000000056510000)]
  0x000000000246e000 JavaThread "main" [_thread_in_vm, id=3136, stack(0x00000000027b0000,0x00000000028b0000)]

Other Threads:
  0x000000005510a000 VMThread [stack: 0x00000000561e0000,0x00000000562e0000] [id=10032]
  0x000000005679a800 WatcherThread [stack: 0x0000000057400000,0x0000000057500000] [id=1280]

VM state:not at safepoint (normal execution)

VM Mutex/Monitor currently owned by a thread: None

Heap:
 PSYoungGen      total 71680K, used 68683K [0x00000000eab00000, 0x00000000f3700000, 0x0000000100000000)
  eden space 66560K, 95% used [0x00000000eab00000,0x00000000ee913830,0x00000000eec00000)
  from space 5120K, 99% used [0x00000000eec00000,0x00000000ef0ff3f0,0x00000000ef100000)
  to   space 5120K, 0% used [0x00000000f3200000,0x00000000f3200000,0x00000000f3700000)
 ParOldGen       total 87552K, used 15441K [0x00000000c0000000, 0x00000000c5580000, 0x00000000eab00000)
  object space 87552K, 17% used [0x00000000c0000000,0x00000000c0f14488,0x00000000c5580000)
 Metaspace       used 6435K, capacity 7192K, committed 7424K, reserved 1056768K
  class space    used 629K, capacity 656K, committed 768K, reserved 1048576K

Card table byte_map: [0x0000000011c70000,0x0000000011e80000] byte_map_base: 0x0000000011670000

Marking Bits: (ParMarkBitMap*) 0x0000000068f40600
 Begin Bits: [0x0000000012580000, 0x0000000013580000)
 End Bits:   [0x0000000013580000, 0x0000000014580000)

Polling page: 0x0000000000430000

CodeCache: size=245760Kb used=8458Kb max_used=8471Kb free=237301Kb
 bounds [0x00000000028b0000, 0x0000000003100000, 0x00000000118b0000]
 total_blobs=2158 nmethods=1886 adapters=184
 compilation: enabled

Compilation events (10 events):
Event: 5.962 Thread 0x00000000566f3000 1984       4       com.android.dx.ssa.back.SsaToRop::removePhiFunctions (83 bytes)
Event: 5.963 Thread 0x0000000056704000 1991       3       java.util.concurrent.FutureTask::set (36 bytes)
Event: 5.963 Thread 0x0000000056704000 nmethod 1991 0x00000000030d03d0 code [0x00000000030d0540, 0x00000000030d0768]
Event: 5.967 Thread 0x0000000056704000 1993       1       com.android.dx.dex.file.OffsettedItem::getAlignment (5 bytes)
Event: 5.967 Thread 0x0000000056704000 nmethod 1993 0x00000000030f6c50 code [0x00000000030f6da0, 0x00000000030f6eb0]
Event: 5.984 Thread 0x00000000566f3000 nmethod 1984 0x00000000030fa950 code [0x00000000030fab40, 0x00000000030fbe18]
Event: 5.984 Thread 0x00000000566f3000 1995       4       java.util.HashMap::get (23 bytes)
Event: 5.990 Thread 0x00000000566f3000 nmethod 1995 0x00000000030f8150 code [0x00000000030f82e0, 0x00000000030f8a28]
Event: 5.990 Thread 0x00000000566f3000 1988       4       com.android.dx.ssa.back.IdenticalBlockCombiner::process (323 bytes)
Event: 6.010 Thread 0x0000000056704000 1996   !   3       com.android.dx.dex.cf.CfTranslator::processMethods (583 bytes)

GC Heap History (6 events):
Event: 1.125 GC heap before
{Heap before GC invocations=1 (full 0):
 PSYoungGen      total 38400K, used 33280K [0x00000000eab00000, 0x00000000ed580000, 0x0000000100000000)
  eden space 33280K, 100% used [0x00000000eab00000,0x00000000ecb80000,0x00000000ecb80000)
  from space 5120K, 0% used [0x00000000ed080000,0x00000000ed080000,0x00000000ed580000)
  to   space 5120K, 0% used [0x00000000ecb80000,0x00000000ecb80000,0x00000000ed080000)
 ParOldGen       total 87552K, used 0K [0x00000000c0000000, 0x00000000c5580000, 0x00000000eab00000)
  object space 87552K, 0% used [0x00000000c0000000,0x00000000c0000000,0x00000000c5580000)
 Metaspace       used 6035K, capacity 6902K, committed 7040K, reserved 1056768K
  class space    used 607K, capacity 622K, committed 640K, reserved 1048576K
Event: 1.187 GC heap after
Heap after GC invocations=1 (full 0):
 PSYoungGen      total 38400K, used 5098K [0x00000000eab00000, 0x00000000ef600000, 0x0000000100000000)
  eden space 33280K, 0% used [0x00000000eab00000,0x00000000eab00000,0x00000000ecb80000)
  from space 5120K, 99% used [0x00000000ecb80000,0x00000000ed07aad0,0x00000000ed080000)
  to   space 5120K, 0% used [0x00000000ef100000,0x00000000ef100000,0x00000000ef600000)
 ParOldGen       total 87552K, used 1352K [0x00000000c0000000, 0x00000000c5580000, 0x00000000eab00000)
  object space 87552K, 1% used [0x00000000c0000000,0x00000000c01520a0,0x00000000c5580000)
 Metaspace       used 6035K, capacity 6902K, committed 7040K, reserved 1056768K
  class space    used 607K, capacity 622K, committed 640K, reserved 1048576K
}
Event: 1.665 GC heap before
{Heap before GC invocations=2 (full 0):
 PSYoungGen      total 38400K, used 38378K [0x00000000eab00000, 0x00000000ef600000, 0x0000000100000000)
  eden space 33280K, 100% used [0x00000000eab00000,0x00000000ecb80000,0x00000000ecb80000)
  from space 5120K, 99% used [0x00000000ecb80000,0x00000000ed07aad0,0x00000000ed080000)
  to   space 5120K, 0% used [0x00000000ef100000,0x00000000ef100000,0x00000000ef600000)
 ParOldGen       total 87552K, used 1352K [0x00000000c0000000, 0x00000000c5580000, 0x00000000eab00000)
  object space 87552K, 1% used [0x00000000c0000000,0x00000000c01520a0,0x00000000c5580000)
 Metaspace       used 6225K, capacity 7094K, committed 7296K, reserved 1056768K
  class space    used 608K, capacity 622K, committed 640K, reserved 1048576K
Event: 2.021 GC heap after
Heap after GC invocations=2 (full 0):
 PSYoungGen      total 71680K, used 5088K [0x00000000eab00000, 0x00000000ef600000, 0x0000000100000000)
  eden space 66560K, 0% used [0x00000000eab00000,0x00000000eab00000,0x00000000eec00000)
  from space 5120K, 99% used [0x00000000ef100000,0x00000000ef5f8300,0x00000000ef600000)
  to   space 5120K, 0% used [0x00000000eec00000,0x00000000eec00000,0x00000000ef100000)
 ParOldGen       total 87552K, used 5862K [0x00000000c0000000, 0x00000000c5580000, 0x00000000eab00000)
  object space 87552K, 6% used [0x00000000c0000000,0x00000000c05b9b60,0x00000000c5580000)
 Metaspace       used 6225K, capacity 7094K, committed 7296K, reserved 1056768K
  class space    used 608K, capacity 622K, committed 640K, reserved 1048576K
}
Event: 2.921 GC heap before
{Heap before GC invocations=3 (full 0):
 PSYoungGen      total 71680K, used 71648K [0x00000000eab00000, 0x00000000ef600000, 0x0000000100000000)
  eden space 66560K, 100% used [0x00000000eab00000,0x00000000eec00000,0x00000000eec00000)
  from space 5120K, 99% used [0x00000000ef100000,0x00000000ef5f8300,0x00000000ef600000)
  to   space 5120K, 0% used [0x00000000eec00000,0x00000000eec00000,0x00000000ef100000)
 ParOldGen       total 87552K, used 5862K [0x00000000c0000000, 0x00000000c5580000, 0x00000000eab00000)
  object space 87552K, 6% used [0x00000000c0000000,0x00000000c05b9b60,0x00000000c5580000)
 Metaspace       used 6320K, capacity 7158K, committed 7296K, reserved 1056768K
  class space    used 608K, capacity 622K, committed 640K, reserved 1048576K
Event: 3.043 GC heap after
Heap after GC invocations=3 (full 0):
 PSYoungGen      total 71680K, used 5116K [0x00000000eab00000, 0x00000000f3700000, 0x0000000100000000)
  eden space 66560K, 0% used [0x00000000eab00000,0x00000000eab00000,0x00000000eec00000)
  from space 5120K, 99% used [0x00000000eec00000,0x00000000ef0ff3f0,0x00000000ef100000)
  to   space 5120K, 0% used [0x00000000f3200000,0x00000000f3200000,0x00000000f3700000)
 ParOldGen       total 87552K, used 15441K [0x00000000c0000000, 0x00000000c5580000, 0x00000000eab00000)
  object space 87552K, 17% used [0x00000000c0000000,0x00000000c0f14488,0x00000000c5580000)
 Metaspace       used 6320K, capacity 7158K, committed 7296K, reserved 1056768K
  class space    used 608K, capacity 622K, committed 640K, reserved 1048576K
}

Deoptimization events (10 events):
Event: 5.371 Thread 0x00000000569b5000 Uncommon trap: reason=unstable_if action=reinterpret pc=0x0000000003024fa0 method=com.android.dx.ssa.InterferenceRegisterMapper.interferes(III)Z @ 69
Event: 5.371 Thread 0x00000000569b5000 Uncommon trap: reason=unstable_if action=reinterpret pc=0x0000000002ba7718 method=java.util.HashMap.putVal(ILjava/lang/Object;Ljava/lang/Object;ZZ)Ljava/lang/Object; @ 162
Event: 5.373 Thread 0x00000000569b5000 Uncommon trap: reason=unstable_if action=reinterpret pc=0x0000000002ba4cb0 method=java.util.HashMap.getNode(ILjava/lang/Object;)Ljava/util/HashMap$Node; @ 84
Event: 5.373 Thread 0x00000000569b5000 Uncommon trap: reason=unstable_if action=reinterpret pc=0x0000000002ab9508 method=java.util.HashMap.getNode(ILjava/lang/Object;)Ljava/util/HashMap$Node; @ 84
Event: 5.374 Thread 0x00000000569b5000 Uncommon trap: reason=unstable_if action=reinterpret pc=0x0000000002db2414 method=java.util.HashMap.putVal(ILjava/lang/Object;Ljava/lang/Object;ZZ)Ljava/lang/Object; @ 109
Event: 5.896 Thread 0x00000000569b5000 Uncommon trap: reason=unstable_if action=reinterpret pc=0x00000000030067d0 method=com.android.dx.ssa.LiteralOpUpgrader$1.visitNonMoveInsn(Lcom/android/dx/ssa/NormalSsaInsn;)V @ 176
Event: 5.932 Thread 0x00000000569b5000 Uncommon trap: reason=bimorphic action=maybe_recompile pc=0x0000000002f9c328 method=com.android.dx.ssa.LiteralOpUpgrader.tryReplacingWithConstant(Lcom/android/dx/ssa/NormalSsaInsn;)Z @ 62
Event: 5.944 Thread 0x00000000569cc000 Uncommon trap: reason=bimorphic action=maybe_recompile pc=0x0000000002f3614c method=com.android.dx.rop.code.RegisterSpec.withSimpleType()Lcom/android/dx/rop/code/RegisterSpec; @ 21
Event: 5.948 Thread 0x00000000569b5000 Uncommon trap: reason=class_check action=maybe_recompile pc=0x0000000003095864 method=com.android.dx.ssa.SCCP.replaceConstants()V @ 182
Event: 5.951 Thread 0x00000000569b5000 Uncommon trap: reason=class_check action=maybe_recompile pc=0x0000000003095864 method=com.android.dx.ssa.SCCP.replaceConstants()V @ 182

Internal exceptions (6 events):
Event: 0.054 Thread 0x000000000246e000 Exception <a 'java/lang/NoSuchMethodError': Method sun.misc.Unsafe.defineClass(Ljava/lang/String;[BII)Ljava/lang/Class; name or signature does not match> (0x00000000eab07cc0) thrown at [D:\re\workspace\8-2-build-windows-amd64-cygwin\jdk8u77\6540\hotspot\sr'¡ÙÆ‘«?
Event: 0.054 Thread 0x000000000246e000 Exception <a 'java/lang/NoSuchMethodError': Method sun.misc.Unsafe.prefetchRead(Ljava/lang/Object;J)V name or signature does not match> (0x00000000eab07fa8) thrown at [D:\re\workspace\8-2-build-windows-amd64-cygwin\jdk8u77\6540\hotspot\src\share\vm\prims\j}Ûü¾‹§î?
Event: 0.958 Thread 0x00000000569cb000 Implicit null exception at 0x0000000002b047d4 to 0x0000000002b06b81
Event: 5.372 Thread 0x00000000569b5000 Exception <a 'java/lang/ArrayIndexOutOfBoundsException': 18> (0x00000000ed0bdf68) thrown at [D:\re\workspace\8-2-build-windows-amd64-cygwin\jdk8u77\6540\hotspot\src\share\vm\interpreter\interpreterRuntime.cpp, line 366]
Event: 5.373 Thread 0x00000000569b5000 Exception <a 'java/lang/ArrayIndexOutOfBoundsException': 145> (0x00000000ed0bfae8) thrown at [D:\re\workspace\8-2-build-windows-amd64-cygwin\jdk8u77\6540\hotspot\src\share\vm\interpreter\interpreterRuntime.cpp, line 366]
Event: 5.373 Thread 0x00000000569b5000 Exception <a 'java/lang/ArrayIndexOutOfBoundsException': 40> (0x00000000ed0c0dd0) thrown at [D:\re\workspace\8-2-build-windows-amd64-cygwin\jdk8u77\6540\hotspot\src\share\vm\interpreter\interpreterRuntime.cpp, line 366]

Events (10 events):
Event: 5.944 Thread 0x00000000569cc000 DEOPT PACKING pc=0x0000000002f3614c sp=0x000000005802e4b0
Event: 5.944 Thread 0x00000000569cc000 DEOPT UNPACKING pc=0x00000000028f582a sp=0x000000005802e418 mode 2
Event: 5.948 Thread 0x00000000569b5000 DEOPT PACKING pc=0x0000000002d0114f sp=0x000000005826e9a0
Event: 5.948 Thread 0x00000000569b5000 DEOPT UNPACKING pc=0x00000000028f787f sp=0x000000005826e7d0 mode 0
Event: 5.948 Thread 0x00000000569b5000 Uncommon trap: trap_request=0xffffffde fr.pc=0x0000000003095864
Event: 5.948 Thread 0x00000000569b5000 DEOPT PACKING pc=0x0000000003095864 sp=0x000000005826ea90
Event: 5.948 Thread 0x00000000569b5000 DEOPT UNPACKING pc=0x00000000028f582a sp=0x000000005826e9b8 mode 2
Event: 5.951 Thread 0x00000000569b5000 Uncommon trap: trap_request=0xffffffde fr.pc=0x0000000003095864
Event: 5.951 Thread 0x00000000569b5000 DEOPT PACKING pc=0x0000000003095864 sp=0x000000005826e9e0
Event: 5.951 Thread 0x00000000569b5000 DEOPT UNPACKING pc=0x00000000028f582a sp=0x000000005826e908 mode 2


Dynamic libraries:
0x000000013f550000 - 0x000000013f587000 	D:\Program Files\Java\jdk1.8.0_77\bin\java.exe
0x0000000077ae0000 - 0x0000000077c89000 	C:\Windows\SYSTEM32\ntdll.dll
0x00000000779c0000 - 0x0000000077ae0000 	C:\Windows\system32\kernel32.dll
0x000007fefdbd0000 - 0x000007fefdc3c000 	C:\Windows\system32\KERNELBASE.dll
0x000007fefe530000 - 0x000007fefe60b000 	C:\Windows\system32\ADVAPI32.dll
0x000007fefe030000 - 0x000007fefe0cf000 	C:\Windows\system32\msvcrt.dll
0x000007fefe0d0000 - 0x000007fefe0ef000 	C:\Windows\SYSTEM32\sechost.dll
0x000007fefdce0000 - 0x000007fefde0d000 	C:\Windows\system32\RPCRT4.dll
0x00000000778c0000 - 0x00000000779ba000 	C:\Windows\system32\USER32.dll
0x000007fefe380000 - 0x000007fefe3e7000 	C:\Windows\system32\GDI32.dll
0x000007fefe520000 - 0x000007fefe52e000 	C:\Windows\system32\LPK.dll
0x000007feffca0000 - 0x000007feffd6a000 	C:\Windows\system32\USP10.dll
0x000007fefbfe0000 - 0x000007fefc1d4000 	C:\Windows\WinSxS\amd64_microsoft.windows.common-controls_6595b64144ccf1df_6.0.7601.18837_none_fa3b1e3d17594757\COMCTL32.dll
0x000007feff740000 - 0x000007feff7b1000 	C:\Windows\system32\SHLWAPI.dll
0x000007fefde20000 - 0x000007fefde4e000 	C:\Windows\system32\IMM32.DLL
0x000007feff5d0000 - 0x000007feff6d9000 	C:\Windows\system32\MSCTF.dll
0x0000000071400000 - 0x00000000714d2000 	D:\Program Files\Java\jdk1.8.0_77\jre\bin\msvcr100.dll
0x0000000068730000 - 0x0000000068fc0000 	D:\Program Files\Java\jdk1.8.0_77\jre\bin\server\jvm.dll
0x000007fefb7c0000 - 0x000007fefb7c9000 	C:\Windows\system32\WSOCK32.dll
0x000007fefe4d0000 - 0x000007fefe51d000 	C:\Windows\system32\WS2_32.dll
0x000007fefde10000 - 0x000007fefde18000 	C:\Windows\system32\NSI.dll
0x000007fefa830000 - 0x000007fefa86b000 	C:\Windows\system32\WINMM.dll
0x000007fefc9f0000 - 0x000007fefc9fc000 	C:\Windows\system32\VERSION.dll
0x0000000077ca0000 - 0x0000000077ca7000 	C:\Windows\system32\PSAPI.DLL
0x00000000742f0000 - 0x00000000742ff000 	D:\Program Files\Java\jdk1.8.0_77\jre\bin\verify.dll
0x0000000073f00000 - 0x0000000073f29000 	D:\Program Files\Java\jdk1.8.0_77\jre\bin\java.dll
0x0000000073f40000 - 0x0000000073f56000 	D:\Program Files\Java\jdk1.8.0_77\jre\bin\zip.dll
0x000007fefe820000 - 0x000007feff5a9000 	C:\Windows\system32\SHELL32.dll
0x000007fefe610000 - 0x000007fefe813000 	C:\Windows\system32\ole32.dll
0x000007fefd930000 - 0x000007fefd93f000 	C:\Windows\system32\profapi.dll

VM Arguments:
jvm_args: -Djava.awt.headless=true -Xmx1024M -Dfile.encoding=GBK -Duser.country=CN -Duser.language=zh -Duser.variant 
java_command: com.android.dx.command.Main --dex --force-jumbo --num-threads=4 --output D:\android\StudioProjects\SuperSwipeRefreshDemo\app\build\intermediates\pre-dexed\debug\com.android.support-appcompat-v7-23.3.0_1a0eacd0b51a62469c1d929e0a245abbc5f67c12.jar D:\android\StudioProjects\SuperSwipeRefreshDemo\app\build\intermediates\exploded-aar\com.android.support\appcompat-v7\23.3.0\jars\classes.jar
java_class_path (initial): D:\Users\Administrator\AppData\Local\Android\sdk\build-tools\23.0.3\lib\dx.jar
Launcher Type: SUN_STANDARD

Environment Variables:



---------------  S Y S T E M  ---------------

OS: Windows 7 , 64 bit Build 7601 (6.1.7601.19018)

CPU:total 4 (4 cores per cpu, 1 threads per core) family 6 model 60 stepping 3, cmov, cx8, fxsr, mmx, sse, sse2, sse3, ssse3, sse4.1, sse4.2, popcnt, avx, avx2, aes, clmul, erms, lzcnt, tsc, tscinvbit, bmi1, bmi2

Memory: 4k page, physical 8325492k(466288k free), swap 10420808k(5084k free)

vm_info: Java HotSpot(TM) 64-Bit Server VM (25.77-b03) for windows-amd64 JRE (1.8.0_77-b03), built on Mar 20 2016 22:01:33 by "java_re" with MS VC++ 10.0 (VS2010)

time: Sat Apr 16 15:56:07 2016
elapsed time: 6 seconds (0d 0h 0m 6s)

